# JRE version: Java(TM) SE Runtime Environment (8.0_45-b15) (build 1.8.0_45-b15)
# Java VM: Java HotSpot(TM) 64-Bit Server VM (25.45-b02 mixed mode windows-amd64 compressed oops)
Heap:
 PSYoungGen      total 19968K, used 14870K [0x00000000eb200000, 0x00000000eda80000, 0x0000000100000000)
  eden space 15872K, 69% used [0x00000000eb200000,0x00000000ebccfce8,0x00000000ec180000)
  from space 4096K, 92% used [0x00000000ec180000,0x00000000ec535d00,0x00000000ec580000)
  to   space 12800K, 0% used [0x00000000ece00000,0x00000000ece00000,0x00000000eda80000)
 ParOldGen       total 48640K, used 19072K [0x00000000c1600000, 0x00000000c4580000, 0x00000000eb200000)
  object space 48640K, 39% used [0x00000000c1600000,0x00000000c28a0180,0x00000000c4580000)
 Metaspace       used 19339K, capacity 19580K, committed 19840K, reserved 1067008K
  class space    used 2259K, capacity 2360K, committed 2432K, reserved 1048576K
GC Heap History (10 events):
Event: 1683.359 GC heap before
{Heap before GC invocations=14 (full 1):
 PSYoungGen      total 30720K, used 18504K [0x00000000eb200000, 0x00000000ede80000, 0x0000000100000000)
  eden space 15872K, 100% used [0x00000000eb200000,0x00000000ec180000,0x00000000ec180000)
  from space 14848K, 17% used [0x00000000ed000000,0x00000000ed292140,0x00000000ede80000)
  to   space 14848K, 0% used [0x00000000ec180000,0x00000000ec180000,0x00000000ed000000)
 ParOldGen       total 48640K, used 19072K [0x00000000c1600000, 0x00000000c4580000, 0x00000000eb200000)
  object space 48640K, 39% used [0x00000000c1600000,0x00000000c28a0180,0x00000000c4580000)
 Metaspace       used 19339K, capacity 19580K, committed 19840K, reserved 1067008K
  class space    used 2259K, capacity 2360K, committed 2432K, reserved 1048576K
Event: 1683.364 GC heap after
Heap after GC invocations=14 (full 1):
 PSYoungGen      total 19968K, used 4087K [0x00000000eb200000, 0x00000000edd80000, 0x0000000100000000)
  eden space 15872K, 0% used [0x00000000eb200000,0x00000000eb200000,0x00000000ec180000)
  from space 4096K, 99% used [0x00000000ec180000,0x00000000ec57dd10,0x00000000ec580000)
  to   space 14336K, 0% used [0x00000000ecf80000,0x00000000ecf80000,0x00000000edd80000)
 ParOldGen       total 48640K, used 19072K [0x00000000c1600000, 0x00000000c4580000, 0x00000000eb200000)
  object space 48640K, 39% used [0x00000000c1600000,0x00000000c28a0180,0x00000000c4580000)
 Metaspace       used 19339K, capacity 19580K, committed 19840K, reserved 1067008K
  class space    used 2259K, capacity 2360K, committed 2432K, reserved 1048576K
}
Event: 1785.789 GC heap before
{Heap before GC invocations=15 (full 1):
 PSYoungGen      total 19968K, used 19959K [0x00000000eb200000, 0x00000000edd80000, 0x0000000100000000)
  eden space 15872K, 100% used [0x00000000eb200000,0x00000000ec180000,0x00000000ec180000)
  from space 4096K, 99% used [0x00000000ec180000,0x00000000ec57dd10,0x00000000ec580000)
  to   space 14336K, 0% used [0x00000000ecf80000,0x00000000ecf80000,0x00000000edd80000)
 ParOldGen       total 48640K, used 19072K [0x00000000c1600000, 0x00000000c4580000, 0x00000000eb200000)
  object space 48640K, 39% used [0x00000000c1600000,0x00000000c28a0180,0x00000000c4580000)
 Metaspace       used 19339K, capacity 19580K, committed 19840K, reserved 1067008K
  class space    used 2259K, capacity 2360K, committed 2432K, reserved 1048576K
Event: 1785.792 GC heap after
Heap after GC invocations=15 (full 1):
 PSYoungGen      total 30208K, used 2632K [0x00000000eb200000, 0x00000000edd80000, 0x0000000100000000)
  eden space 15872K, 0% used [0x00000000eb200000,0x00000000eb200000,0x00000000ec180000)
  from space 14336K, 18% used [0x00000000ecf80000,0x00000000ed212140,0x00000000edd80000)
  to   space 14336K, 0% used [0x00000000ec180000,0x00000000ec180000,0x00000000ecf80000)
 ParOldGen       total 48640K, used 19072K [0x00000000c1600000, 0x00000000c4580000, 0x00000000eb200000)
  object space 48640K, 39% used [0x00000000c1600000,0x00000000c28a0180,0x00000000c4580000)
 Metaspace       used 19339K, capacity 19580K, committed 19840K, reserved 1067008K
  class space    used 2259K, capacity 2360K, committed 2432K, reserved 1048576K
}
Event: 1881.270 GC heap before
{Heap before GC invocations=16 (full 1):
 PSYoungGen      total 30208K, used 18504K [0x00000000eb200000, 0x00000000edd80000, 0x0000000100000000)
  eden space 15872K, 100% used [0x00000000eb200000,0x00000000ec180000,0x00000000ec180000)
  from space 14336K, 18% used [0x00000000ecf80000,0x00000000ed212140,0x00000000edd80000)
  to   space 14336K, 0% used [0x00000000ec180000,0x00000000ec180000,0x00000000ecf80000)
 ParOldGen       total 48640K, used 19072K [0x00000000c1600000, 0x00000000c4580000, 0x00000000eb200000)
  object space 48640K, 39% used [0x00000000c1600000,0x00000000c28a0180,0x00000000c4580000)
 Metaspace       used 19339K, capacity 19580K, committed 19840K, reserved 1067008K
  class space    used 2259K, capacity 2360K, committed 2432K, reserved 1048576K
Event: 1881.273 GC heap after
Heap after GC invocations=16 (full 1):
 PSYoungGen      total 19456K, used 3176K [0x00000000eb200000, 0x00000000edc80000, 0x0000000100000000)
  eden space 15872K, 0% used [0x00000000eb200000,0x00000000eb200000,0x00000000ec180000)
  from space 3584K, 88% used [0x00000000ec180000,0x00000000ec49a160,0x00000000ec500000)
  to   space 13824K, 0% used [0x00000000ecf00000,0x00000000ecf00000,0x00000000edc80000)
 ParOldGen       total 48640K, used 19072K [0x00000000c1600000, 0x00000000c4580000, 0x00000000eb200000)
  object space 48640K, 39% used [0x00000000c1600000,0x00000000c28a0180,0x00000000c4580000)
 Metaspace       used 19339K, capacity 19580K, committed 19840K, reserved 1067008K
  class space    used 2259K, capacity 2360K, committed 2432K, reserved 1048576K
}
Event: 1988.799 GC heap before
{Heap before GC invocations=17 (full 1):
 PSYoungGen      total 19456K, used 19048K [0x00000000eb200000, 0x00000000edc80000, 0x0000000100000000)
  eden space 15872K, 100% used [0x00000000eb200000,0x00000000ec180000,0x00000000ec180000)
  from space 3584K, 88% used [0x00000000ec180000,0x00000000ec49a160,0x00000000ec500000)
  to   space 13824K, 0% used [0x00000000ecf00000,0x00000000ecf00000,0x00000000edc80000)
 ParOldGen       total 48640K, used 19072K [0x00000000c1600000, 0x00000000c4580000, 0x00000000eb200000)
  object space 48640K, 39% used [0x00000000c1600000,0x00000000c28a0180,0x00000000c4580000)
 Metaspace       used 19339K, capacity 19580K, committed 19840K, reserved 1067008K
  class space    used 2259K, capacity 2360K, committed 2432K, reserved 1048576K
Event: 1988.801 GC heap after
Heap after GC invocations=17 (full 1):
 PSYoungGen      total 28672K, used 3799K [0x00000000eb200000, 0x00000000edb80000, 0x0000000100000000)
  eden space 15872K, 0% used [0x00000000eb200000,0x00000000eb200000,0x00000000ec180000)
  from space 12800K, 29% used [0x00000000ecf00000,0x00000000ed2b5d00,0x00000000edb80000)
  to   space 13312K, 0% used [0x00000000ec180000,0x00000000ec180000,0x00000000ece80000)
 ParOldGen       total 48640K, used 19072K [0x00000000c1600000, 0x00000000c4580000, 0x00000000eb200000)
  object space 48640K, 39% used [0x00000000c1600000,0x00000000c28a0180,0x00000000c4580000)
 Metaspace       used 19339K, capacity 19580K, committed 19840K, reserved 1067008K
  class space    used 2259K, capacity 2360K, committed 2432K, reserved 1048576K
}
Event: 2090.442 GC heap before
{Heap before GC invocations=18 (full 1):
 PSYoungGen      total 28672K, used 19671K [0x00000000eb200000, 0x00000000edb80000, 0x0000000100000000)
  eden space 15872K, 100% used [0x00000000eb200000,0x00000000ec180000,0x00000000ec180000)
  from space 12800K, 29% used [0x00000000ecf00000,0x00000000ed2b5d00,0x00000000edb80000)
  to   space 13312K, 0% used [0x00000000ec180000,0x00000000ec180000,0x00000000ece80000)
 ParOldGen       total 48640K, used 19072K [0x00000000c1600000, 0x00000000c4580000, 0x00000000eb200000)
  object space 48640K, 39% used [0x00000000c1600000,0x00000000c28a0180,0x00000000c4580000)
 Metaspace       used 19339K, capacity 19580K, committed 19840K, reserved 1067008K
  class space    used 2259K, capacity 2360K, committed 2432K, reserved 1048576K
Event: 2090.473 GC heap after
Heap after GC invocations=18 (full 1):
 PSYoungGen      total 19968K, used 3799K [0x00000000eb200000, 0x00000000eda80000, 0x0000000100000000)
  eden space 15872K, 0% used [0x00000000eb200000,0x00000000eb200000,0x00000000ec180000)
  from space 4096K, 92% used [0x00000000ec180000,0x00000000ec535d00,0x00000000ec580000)
  to   space 12800K, 0% used [0x00000000ece00000,0x00000000ece00000,0x00000000eda80000)
 ParOldGen       total 48640K, used 19072K [0x00000000c1600000, 0x00000000c4580000, 0x00000000eb200000)
  object space 48640K, 39% used [0x00000000c1600000,0x00000000c28a0180,0x00000000c4580000)
 Metaspace       used 19339K, capacity 19580K, committed 19840K, reserved 1067008K
  class space    used 2259K, capacity 2360K, committed 2432K, reserved 1048576K
}

