GC Heap History (10 events):
Event: 24.723 GC heap before
{Heap before GC invocations=3 (full 0):
 PSYoungGen      total 18944K, used 18263K [0x00000000eaf00000, 0x00000000ec400000, 0x0000000100000000)
  eden space 16384K, 95% used [0x00000000eaf00000,0x00000000ebe59cf0,0x00000000ebf00000)
  from space 2560K, 99% used [0x00000000ec180000,0x00000000ec3fc040,0x00000000ec400000)
  to   space 2560K, 0% used [0x00000000ebf00000,0x00000000ebf00000,0x00000000ec180000)
 ParOldGen       total 44032K, used 16938K [0x00000000c0c00000, 0x00000000c3700000, 0x00000000eaf00000)
  object space 44032K, 38% used [0x00000000c0c00000,0x00000000c1c8a9a8,0x00000000c3700000)
 Metaspace       used 16146K, capacity 16358K, committed 16640K, reserved 1064960K
  class space    used 1913K, capacity 1991K, committed 2048K, reserved 1048576K
Event: 24.730 GC heap after
Heap after GC invocations=3 (full 0):
 PSYoungGen      total 18944K, used 2540K [0x00000000eaf00000, 0x00000000ec400000, 0x0000000100000000)
  eden space 16384K, 0% used [0x00000000eaf00000,0x00000000eaf00000,0x00000000ebf00000)
  from space 2560K, 99% used [0x00000000ebf00000,0x00000000ec17b0b0,0x00000000ec180000)
  to   space 2560K, 0% used [0x00000000ec180000,0x00000000ec180000,0x00000000ec400000)
 ParOldGen       total 44032K, used 20783K [0x00000000c0c00000, 0x00000000c3700000, 0x00000000eaf00000)
  object space 44032K, 47% used [0x00000000c0c00000,0x00000000c204bc30,0x00000000c3700000)
 Metaspace       used 16146K, capacity 16358K, committed 16640K, reserved 1064960K
  class space    used 1913K, capacity 1991K, committed 2048K, reserved 1048576K
}
Event: 32.700 GC heap before
{Heap before GC invocations=4 (full 0):
 PSYoungGen      total 18944K, used 18924K [0x00000000eaf00000, 0x00000000ec400000, 0x0000000100000000)
  eden space 16384K, 100% used [0x00000000eaf00000,0x00000000ebf00000,0x00000000ebf00000)
  from space 2560K, 99% used [0x00000000ebf00000,0x00000000ec17b0b0,0x00000000ec180000)
  to   space 2560K, 0% used [0x00000000ec180000,0x00000000ec180000,0x00000000ec400000)
 ParOldGen       total 44032K, used 20783K [0x00000000c0c00000, 0x00000000c3700000, 0x00000000eaf00000)
  object space 44032K, 47% used [0x00000000c0c00000,0x00000000c204bc30,0x00000000c3700000)
 Metaspace       used 18036K, capacity 18210K, committed 18432K, reserved 1064960K
  class space    used 2149K, capacity 2227K, committed 2304K, reserved 1048576K
Event: 32.708 GC heap after
Heap after GC invocations=4 (full 0):
 PSYoungGen      total 18944K, used 2545K [0x00000000eaf00000, 0x00000000ec400000, 0x0000000100000000)
  eden space 16384K, 0% used [0x00000000eaf00000,0x00000000eaf00000,0x00000000ebf00000)
  from space 2560K, 99% used [0x00000000ec180000,0x00000000ec3fc650,0x00000000ec400000)
  to   space 2560K, 0% used [0x00000000ebf00000,0x00000000ebf00000,0x00000000ec180000)
 ParOldGen       total 44032K, used 37251K [0x00000000c0c00000, 0x00000000c3700000, 0x00000000eaf00000)
  object space 44032K, 84% used [0x00000000c0c00000,0x00000000c3060c90,0x00000000c3700000)
 Metaspace       used 18036K, capacity 18210K, committed 18432K, reserved 1064960K
  class space    used 2149K, capacity 2227K, committed 2304K, reserved 1048576K
}
Event: 32.708 GC heap before
{Heap before GC invocations=5 (full 1):
 PSYoungGen      total 18944K, used 2545K [0x00000000eaf00000, 0x00000000ec400000, 0x0000000100000000)
  eden space 16384K, 0% used [0x00000000eaf00000,0x00000000eaf00000,0x00000000ebf00000)
  from space 2560K, 99% used [0x00000000ec180000,0x00000000ec3fc650,0x00000000ec400000)
  to   space 2560K, 0% used [0x00000000ebf00000,0x00000000ebf00000,0x00000000ec180000)
 ParOldGen       total 44032K, used 37251K [0x00000000c0c00000, 0x00000000c3700000, 0x00000000eaf00000)
  object space 44032K, 84% used [0x00000000c0c00000,0x00000000c3060c90,0x00000000c3700000)
 Metaspace       used 18036K, capacity 18210K, committed 18432K, reserved 1064960K
  class space    used 2149K, capacity 2227K, committed 2304K, reserved 1048576K
Event: 32.749 GC heap after
Heap after GC invocations=5 (full 1):
 PSYoungGen      total 18944K, used 0K [0x00000000eaf00000, 0x00000000ec400000, 0x0000000100000000)
  eden space 16384K, 0% used [0x00000000eaf00000,0x00000000eaf00000,0x00000000ebf00000)
  from space 2560K, 0% used [0x00000000ec180000,0x00000000ec180000,0x00000000ec400000)
  to   space 2560K, 0% used [0x00000000ebf00000,0x00000000ebf00000,0x00000000ec180000)
 ParOldGen       total 51200K, used 14598K [0x00000000c0c00000, 0x00000000c3e00000, 0x00000000eaf00000)
  object space 51200K, 28% used [0x00000000c0c00000,0x00000000c1a419e0,0x00000000c3e00000)
 Metaspace       used 18036K, capacity 18210K, committed 18432K, reserved 1064960K
  class space    used 2149K, capacity 2227K, committed 2304K, reserved 1048576K
}
Event: 67.717 GC heap before
{Heap before GC invocations=6 (full 1):
 PSYoungGen      total 18944K, used 16384K [0x00000000eaf00000, 0x00000000ec400000, 0x0000000100000000)
  eden space 16384K, 100% used [0x00000000eaf00000,0x00000000ebf00000,0x00000000ebf00000)
  from space 2560K, 0% used [0x00000000ec180000,0x00000000ec180000,0x00000000ec400000)
  to   space 2560K, 0% used [0x00000000ebf00000,0x00000000ebf00000,0x00000000ec180000)
 ParOldGen       total 51200K, used 14598K [0x00000000c0c00000, 0x00000000c3e00000, 0x00000000eaf00000)
  object space 51200K, 28% used [0x00000000c0c00000,0x00000000c1a419e0,0x00000000c3e00000)
 Metaspace       used 18340K, capacity 18570K, committed 18944K, reserved 1067008K
  class space    used 2151K, capacity 2259K, committed 2304K, reserved 1048576K
Event: 67.718 GC heap after
Heap after GC invocations=6 (full 1):
 PSYoungGen      total 18944K, used 256K [0x00000000eaf00000, 0x00000000eee00000, 0x0000000100000000)
  eden space 16384K, 0% used [0x00000000eaf00000,0x00000000eaf00000,0x00000000ebf00000)
  from space 2560K, 10% used [0x00000000ebf00000,0x00000000ebf40000,0x00000000ec180000)
  to   space 24064K, 0% used [0x00000000ed680000,0x00000000ed680000,0x00000000eee00000)
 ParOldGen       total 51200K, used 14606K [0x00000000c0c00000, 0x00000000c3e00000, 0x00000000eaf00000)
  object space 51200K, 28% used [0x00000000c0c00000,0x00000000c1a439e0,0x00000000c3e00000)
 Metaspace       used 18340K, capacity 18570K, committed 18944K, reserved 1067008K
  class space    used 2151K, capacity 2259K, committed 2304K, reserved 1048576K
}
Event: 101.358 GC heap before
{Heap before GC invocations=7 (full 1):
 PSYoungGen      total 18944K, used 16640K [0x00000000eaf00000, 0x00000000eee00000, 0x0000000100000000)
  eden space 16384K, 100% used [0x00000000eaf00000,0x00000000ebf00000,0x00000000ebf00000)
  from space 2560K, 10% used [0x00000000ebf00000,0x00000000ebf40000,0x00000000ec180000)
  to   space 24064K, 0% used [0x00000000ed680000,0x00000000ed680000,0x00000000eee00000)
 ParOldGen       total 51200K, used 14606K [0x00000000c0c00000, 0x00000000c3e00000, 0x00000000eaf00000)
  object space 51200K, 28% used [0x00000000c0c00000,0x00000000c1a439e0,0x00000000c3e00000)
 Metaspace       used 18440K, capacity 18698K, committed 18944K, reserved 1067008K
  class space    used 2151K, capacity 2259K, committed 2304K, reserved 1048576K
Event: 101.359 GC heap after
Heap after GC invocations=7 (full 1):
 PSYoungGen      total 40448K, used 192K [0x00000000eaf00000, 0x00000000eee00000, 0x0000000100000000)
  eden space 16384K, 0% used [0x00000000eaf00000,0x00000000eaf00000,0x00000000ebf00000)
  from space 24064K, 0% used [0x00000000ed680000,0x00000000ed6b0000,0x00000000eee00000)
  to   space 24064K, 0% used [0x00000000ebf00000,0x00000000ebf00000,0x00000000ed680000)
 ParOldGen       total 51200K, used 14614K [0x00000000c0c00000, 0x00000000c3e00000, 0x00000000eaf00000)
  object space 51200K, 28% used [0x00000000c0c00000,0x00000000c1a459e0,0x00000000c3e00000)
 Metaspace       used 18440K, capacity 18698K, committed 18944K, reserved 1067008K
  class space    used 2151K, capacity 2259K, committed 2304K, reserved 1048576K
}

